[2026-06-23 12:59:06] Starting deployment sequence (Config: deploy.staging.conf)...
[2026-06-23 12:59:06] Running pre-flight checks...
[2026-06-23 12:59:06] Deploy: Running deploy command...
[2026-06-23 12:59:06] Deploy: Completed successfully.
[2026-06-23 12:59:06] Deployment: Success! Entire flow finished.
[2026-06-23 12:59:13] Starting deployment sequence (Config: deploy.conf)...
[2026-06-23 12:59:13] Running pre-flight checks...
[2026-06-23 12:59:13] Git: Starting Git commit & push...
[2026-06-23 12:59:13] Git: Failed - Push to remote failed.
[2026-06-23 13:09:56] Starting deployment sequence (Config: deploy.conf)...
[2026-06-23 13:09:56] Running pre-flight checks...
[2026-06-23 13:09:56] Git: Starting Git commit & push...
[2026-06-23 13:09:56] Git: Failed - Push to remote failed.
[2026-06-23 13:10:00] Starting deployment sequence (Config: deploy.conf)...
[2026-06-23 13:10:00] Running pre-flight checks...
[2026-06-23 13:10:00] Git: Starting Git commit & push...
[2026-06-23 13:10:00] Git: Failed - Push to remote failed.
[2026-06-23 13:10:02] Starting deployment sequence (Config: deploy.conf)...
[2026-06-23 13:10:02] Running pre-flight checks...
[2026-06-23 13:10:02] Git: Starting Git commit & push...
[2026-06-23 13:10:02] Git: Failed - Push to remote failed.
[2026-06-23 13:30:12] Starting deployment sequence (Config: deploy.conf)...
[2026-06-23 13:30:12] Running pre-flight checks...
[2026-06-23 13:30:12] Git: Starting Git commit & push...
